Installing library in C:\pilib-hs-c20182\.cabal-sandbox\x86_64-windows-ghc-8.4.3\containers-0.6.0.1-6dUFjaTrYaoIACE6pzeQpO
ners.Internal.BitUtil ( Utils\Containers\Internal\BitUtil.hs, dist\dist-sandbox-7a763c56\build\Utils\Containers\Internal\BitUtil.o )
[ 2 of 35] Compiling Utils.Containers.Internal.BitQueue ( Utils\Containers\Internal\BitQueue.hs, dist\dist-sandbox-7a763c56\build\Utils\Containers\Internal\BitQueue.o )
[ 3 of 35] Compiling Utils.Containers.Internal.Coercions ( Utils\Containers\Internal\Coercions.hs, dist\dist-sandbox-7a763c56\build\Utils\Containers\Internal\Coercions.o )
[ 4 of 35] Compiling Utils.Containers.Internal.PtrEquality ( Utils\Containers\Internal\PtrEquality.hs, dist\dist-sandbox-7a763c56\build\Utils\Containers\Internal\PtrEquality.o )
[ 5 of 35] Compiling Utils.Containers.Internal.State ( Utils\Containers\Internal\State.hs, dist\dist-sandbox-7a763c56\build\Utils\Containers\Internal\State.o )
[ 6 of 35] Compiling Utils.Containers.Internal.StrictMaybe ( Utils\Containers\Internal\StrictMaybe.hs, dist\dist-sandbox-7a763c56\build\Utils\Containers\Internal\StrictMaybe.o )
[ 7 of 35] Compiling Utils.Containers.Internal.StrictPair ( Utils\Containers\Internal\StrictPair.hs, dist\dist-sandbox-7a763c56\build\Utils\Containers\Internal\StrictPair.o )
[ 8 of 35] Compiling Data.Set.Internal ( Data\Set\Internal.hs, dist\dist-sandbox-7a763c56\build\Data\Set\Internal.o )
[ 9 of 35] Compiling Data.Set         ( Data\Set.hs, dist\dist-sandbox-7a763c56\build\Data\Set.o )
[10 of 35] Compiling Data.Sequence.Internal ( Data\Sequence\Internal.hs, dist\dist-sandbox-7a763c56\build\Data\Sequence\Internal.o )
[11 of 35] Compiling Data.Sequence.Internal.Sorting ( Data\Sequence\Internal\Sorting.hs, dist\dist-sandbox-7a763c56\build\Data\Sequence\Internal\Sorting.o )
[12 of 35] Compiling Data.Sequence    ( Data\Sequence.hs, dist\dist-sandbox-7a763c56\build\Data\Sequence.o )
[13 of 35] Compiling Data.Tree        ( Data\Tree.hs, dist\dist-sandbox-7a763c56\build\Data\Tree.o )
[14 of 35] Compiling Data.Graph       ( Data\Graph.hs, dist\dist-sandbox-7a763c56\build\Data\Graph.o )
[15 of 35] Compiling Data.Map.Internal ( Data\Map\Internal.hs, dist\dist-sandbox-7a763c56\build\Data\Map\Internal.o )
[16 of 35] Compiling Data.Map.Merge.Lazy ( Data\Map\Merge\Lazy.hs, dist\dist-sandbox-7a763c56\build\Data\Map\Merge\Lazy.o )
[17 of 35] Compiling Data.Map.Internal.Debug ( Data\Map\Internal\Debug.hs, dist\dist-sandbox-7a763c56\build\Data\Map\Internal\Debug.o )
[18 of 35] Compiling Data.IntSet.Internal ( Data\IntSet\Internal.hs, dist\dist-sandbox-7a763c56\build\Data\IntSet\Internal.o )
[19 of 35] Compiling Data.IntSet      ( Data\IntSet.hs, dist\dist-sandbox-7a763c56\build\Data\IntSet.o )
[20 of 35] Compiling Data.Containers.ListUtils ( Data\Containers\ListUtils.hs, dist\dist-sandbox-7a763c56\build\Data\Containers\ListUtils.o )
[21 of 35] Compiling Data.IntMap.Internal ( Data\IntMap\Internal.hs, dist\dist-sandbox-7a763c56\build\Data\IntMap\Internal.o )
[22 of 35] Compiling Data.IntMap.Merge.Strict ( Data\IntMap\Merge\Strict.hs, dist\dist-sandbox-7a763c56\build\Data\IntMap\Merge\Strict.o )
[23 of 35] Compiling Data.IntMap.Merge.Lazy ( Data\IntMap\Merge\Lazy.hs, dist\dist-sandbox-7a763c56\build\Data\IntMap\Merge\Lazy.o )
[24 of 35] Compiling Data.IntMap.Internal.Debug ( Data\IntMap\Internal\Debug.hs, dist\dist-sandbox-7a763c56\build\Data\IntMap\Internal\Debug.o )
[25 of 35] Compiling Utils.Containers.Internal.TypeError ( Utils\Containers\Internal\TypeError.hs, dist\dist-sandbox-7a763c56\build\Utils\Containers\Internal\TypeError.o )
[26 of 35] Compiling Data.Map.Internal.DeprecatedShowTree ( Data\Map\Internal\DeprecatedShowTree.hs, dist\dist-sandbox-7a763c56\build\Data\Map\Internal\DeprecatedShowTree.o )
[27 of 35] Compiling Data.Map.Strict.Internal ( Data\Map\Strict\Internal.hs, dist\dist-sandbox-7a763c56\build\Data\Map\Strict\Internal.o )
[28 of 35] Compiling Data.Map.Strict  ( Data\Map\Strict.hs, dist\dist-sandbox-7a763c56\build\Data\Map\Strict.o )
[29 of 35] Compiling Data.Map.Merge.Strict ( Data\Map\Merge\Strict.hs, dist\dist-sandbox-7a763c56\build\Data\Map\Merge\Strict.o )
[30 of 35] Compiling Data.Map.Lazy    ( Data\Map\Lazy.hs, dist\dist-sandbox-7a763c56\build\Data\Map\Lazy.o )
[31 of 35] Compiling Data.Map         ( Data\Map.hs, dist\dist-sandbox-7a763c56\build\Data\Map.o )
[32 of 35] Compiling Data.IntMap.Internal.DeprecatedDebug ( Data\IntMap\Internal\DeprecatedDebug.hs, dist\dist-sandbox-7a763c56\build\Data\IntMap\Internal\DeprecatedDebug.o )
[33 of 35] Compiling Data.IntMap.Strict ( Data\IntMap\Strict.hs, dist\dist-sandbox-7a763c56\build\Data\IntMap\Strict.o )
[34 of 35] Compiling Data.IntMap.Lazy ( Data\IntMap\Lazy.hs, dist\dist-sandbox-7a763c56\build\Data\IntMap\Lazy.o )
[35 of 35] Compiling Data.IntMap      ( Data\IntMap.hs, dist\dist-sandbox-7a763c56\build\Data\IntMap.o )
ignoring (possibly broken) abi-depends field for packages
cabal: Leaving directory 'C:\Users\MARCEL~1\AppData\Local\Temp\cabal-tmp-844\containers-0.6.0.1'
